<?xml version="1.0" encoding="UTF-8"?>
<coverage generated="1392618321">
  <project timestamp="1392618321">
    <package name="Eloquent\Lcs">
      <file name="/home/travis/build/eloquent/php-lcs/src/LcsSolver.php">
        <class name="LcsSolver" namespace="Eloquent\Lcs">
          <metrics methods="4" coveredmethods="4" conditionals="0" coveredconditionals="0" statements="54" coveredstatements="54" elements="58" coveredelements="58"/>
        </class>
        <line num="27" type="method" name="__construct" crap="2" count="14"/>
        <line num="29" type="stmt" count="14"/>
        <line num="30" type="method" name="anonymous function" crap="1" count="14"/>
        <line num="31" type="stmt" count="11"/>
        <line num="32" type="stmt" count="14"/>
        <line num="35" type="stmt" count="14"/>
        <line num="36" type="stmt" count="14"/>
        <line num="43" type="method" name="comparator" crap="1" count="14"/>
        <line num="45" type="stmt" count="14"/>
        <line num="59" type="method" name="longestCommonSubsequence" crap="14" count="12"/>
        <line num="61" type="stmt" count="12"/>
        <line num="62" type="stmt" count="1"/>
        <line num="63" type="stmt" count="1"/>
        <line num="64" type="stmt" count="1"/>
        <line num="65" type="stmt" count="1"/>
        <line num="66" type="stmt" count="1"/>
        <line num="67" type="stmt" count="1"/>
        <line num="68" type="stmt" count="1"/>
        <line num="70" type="stmt" count="1"/>
        <line num="71" type="stmt" count="1"/>
        <line num="73" type="stmt" count="1"/>
        <line num="76" type="stmt" count="12"/>
        <line num="78" type="stmt" count="12"/>
        <line num="79" type="stmt" count="12"/>
        <line num="82" type="stmt" count="12"/>
        <line num="85" type="stmt" count="12"/>
        <line num="86" type="stmt" count="12"/>
        <line num="87" type="stmt" count="12"/>
        <line num="88" type="stmt" count="11"/>
        <line num="89" type="stmt" count="11"/>
        <line num="90" type="stmt" count="11"/>
        <line num="91" type="stmt" count="11"/>
        <line num="92" type="stmt" count="12"/>
        <line num="93" type="stmt" count="12"/>
        <line num="94" type="stmt" count="12"/>
        <line num="95" type="stmt" count="12"/>
        <line num="97" type="stmt" count="12"/>
        <line num="101" type="stmt" count="12"/>
        <line num="102" type="stmt" count="12"/>
        <line num="103" type="stmt" count="12"/>
        <line num="105" type="stmt" count="12"/>
        <line num="106" type="stmt" count="12"/>
        <line num="107" type="stmt" count="11"/>
        <line num="109" type="stmt" count="11"/>
        <line num="110" type="stmt" count="11"/>
        <line num="111" type="stmt" count="11"/>
        <line num="112" type="stmt" count="10"/>
        <line num="113" type="stmt" count="10"/>
        <line num="114" type="stmt" count="10"/>
        <line num="115" type="stmt" count="10"/>
        <line num="116" type="stmt" count="10"/>
        <line num="117" type="stmt" count="9"/>
        <line num="119" type="stmt" count="9"/>
        <line num="121" type="stmt" count="12"/>
        <line num="126" type="stmt" count="0"/>
        <metrics loc="125" ncloc="84" classes="1" methods="4" coveredmethods="4" conditionals="0" coveredconditionals="0" statements="51" coveredstatements="51" elements="55" coveredelements="55"/>
      </file>
    </package>
    <file name="/home/travis/build/eloquent/php-lcs/src/LcsSolverInterface.php">
      <line num="35" type="stmt" count="0"/>
      <metrics loc="34" ncloc="12" classes="0" methods="0" coveredmethods="0" conditionals="0" coveredconditionals="0" statements="0" coveredstatements="0" elements="0" coveredelements="0"/>
    </file>
    <metrics files="2" loc="159" ncloc="96" classes="1" methods="4" coveredmethods="4" conditionals="0" coveredconditionals="0" statements="51" coveredstatements="51" elements="55" coveredelements="55"/>
  </project>
</coverage>
